# JRE version: Java(TM) SE Runtime Environment 18.9 (11.0.9+7) (build 11.0.9+7-LTS)
# Java VM: Java HotSpot(TM) 64-Bit Server VM 18.9 (11.0.9+7-LTS, mixed mode, tiered, compressed oops, parallel gc, windows-amd64)
Heap:
 PSYoungGen      total 24064K, used 16535K [0x00000000eab00000, 0x00000000ec600000, 0x0000000100000000)
  eden space 22016K, 67% used [0x00000000eab00000,0x00000000eb99df70,0x00000000ec080000)
  from space 2048K, 76% used [0x00000000ec400000,0x00000000ec588000,0x00000000ec600000)
  to   space 2048K, 0% used [0x00000000ec200000,0x00000000ec200000,0x00000000ec400000)
 ParOldGen       total 68608K, used 30059K [0x00000000c0000000, 0x00000000c4300000, 0x00000000eab00000)
  object space 68608K, 43% used [0x00000000c0000000,0x00000000c1d5ac10,0x00000000c4300000)
 Metaspace       used 45557K, capacity 47981K, committed 48128K, reserved 1091584K
  class space    used 4686K, capacity 5578K, committed 5632K, reserved 1048576K
GC Heap History (10 events):
Event: 5.037 GC heap before
{Heap before GC invocations=12 (full 2):
 PSYoungGen      total 29184K, used 29107K [0x00000000eab00000, 0x00000000ece00000, 0x0000000100000000)
  eden space 23552K, 100% used [0x00000000eab00000,0x00000000ec200000,0x00000000ec200000)
  from space 5632K, 98% used [0x00000000ec280000,0x00000000ec7eceb8,0x00000000ec800000)
  to   space 6144K, 0% used [0x00000000ec800000,0x00000000ec800000,0x00000000ece00000)
 ParOldGen       total 68608K, used 16689K [0x00000000c0000000, 0x00000000c4300000, 0x00000000eab00000)
  object space 68608K, 24% used [0x00000000c0000000,0x00000000c104c5c8,0x00000000c4300000)
 Metaspace       used 38930K, capacity 41313K, committed 41472K, reserved 1085440K
  class space    used 4000K, capacity 4769K, committed 4864K, reserved 1048576K
}
Event: 5.046 GC heap after
{Heap after GC invocations=12 (full 2):
 PSYoungGen      total 27648K, used 4480K [0x00000000eab00000, 0x00000000ecc80000, 0x0000000100000000)
  eden space 23040K, 0% used [0x00000000eab00000,0x00000000eab00000,0x00000000ec180000)
  from space 4608K, 97% used [0x00000000ec800000,0x00000000ecc60020,0x00000000ecc80000)
  to   space 5120K, 0% used [0x00000000ec280000,0x00000000ec280000,0x00000000ec780000)
 ParOldGen       total 68608K, used 19810K [0x00000000c0000000, 0x00000000c4300000, 0x00000000eab00000)
  object space 68608K, 28% used [0x00000000c0000000,0x00000000c1358870,0x00000000c4300000)
 Metaspace       used 38930K, capacity 41313K, committed 41472K, reserved 1085440K
  class space    used 4000K, capacity 4769K, committed 4864K, reserved 1048576K
}
Event: 5.088 GC heap before
{Heap before GC invocations=13 (full 2):
 PSYoungGen      total 27648K, used 27520K [0x00000000eab00000, 0x00000000ecc80000, 0x0000000100000000)
  eden space 23040K, 100% used [0x00000000eab00000,0x00000000ec180000,0x00000000ec180000)
  from space 4608K, 97% used [0x00000000ec800000,0x00000000ecc60020,0x00000000ecc80000)
  to   space 5120K, 0% used [0x00000000ec280000,0x00000000ec280000,0x00000000ec780000)
 ParOldGen       total 68608K, used 19810K [0x00000000c0000000, 0x00000000c4300000, 0x00000000eab00000)
  object space 68608K, 28% used [0x00000000c0000000,0x00000000c1358870,0x00000000c4300000)
 Metaspace       used 39252K, capacity 41607K, committed 41728K, reserved 1085440K
  class space    used 4035K, capacity 4803K, committed 4864K, reserved 1048576K
}
Event: 5.096 GC heap after
{Heap after GC invocations=13 (full 2):
 PSYoungGen      total 25088K, used 2080K [0x00000000eab00000, 0x00000000ec880000, 0x0000000100000000)
  eden space 22528K, 0% used [0x00000000eab00000,0x00000000eab00000,0x00000000ec100000)
  from space 2560K, 81% used [0x00000000ec280000,0x00000000ec488000,0x00000000ec500000)
  to   space 3072K, 0% used [0x00000000ec580000,0x00000000ec580000,0x00000000ec880000)
 ParOldGen       total 68608K, used 24272K [0x00000000c0000000, 0x00000000c4300000, 0x00000000eab00000)
  object space 68608K, 35% used [0x00000000c0000000,0x00000000c17b4328,0x00000000c4300000)
 Metaspace       used 39252K, capacity 41607K, committed 41728K, reserved 1085440K
  class space    used 4035K, capacity 4803K, committed 4864K, reserved 1048576K
}
Event: 5.238 GC heap before
{Heap before GC invocations=14 (full 2):
 PSYoungGen      total 25088K, used 24608K [0x00000000eab00000, 0x00000000ec880000, 0x0000000100000000)
  eden space 22528K, 100% used [0x00000000eab00000,0x00000000ec100000,0x00000000ec100000)
  from space 2560K, 81% used [0x00000000ec280000,0x00000000ec488000,0x00000000ec500000)
  to   space 3072K, 0% used [0x00000000ec580000,0x00000000ec580000,0x00000000ec880000)
 ParOldGen       total 68608K, used 24272K [0x00000000c0000000, 0x00000000c4300000, 0x00000000eab00000)
  object space 68608K, 35% used [0x00000000c0000000,0x00000000c17b4328,0x00000000c4300000)
 Metaspace       used 40607K, capacity 42894K, committed 43136K, reserved 1087488K
  class space    used 4198K, capacity 4975K, committed 4992K, reserved 1048576K
}
Event: 5.244 GC heap after
{Heap after GC invocations=14 (full 2):
 PSYoungGen      total 24576K, used 2560K [0x00000000eab00000, 0x00000000ec800000, 0x0000000100000000)
  eden space 22016K, 0% used [0x00000000eab00000,0x00000000eab00000,0x00000000ec080000)
  from space 2560K, 100% used [0x00000000ec580000,0x00000000ec800000,0x00000000ec800000)
  to   space 3072K, 0% used [0x00000000ec200000,0x00000000ec200000,0x00000000ec500000)
 ParOldGen       total 68608K, used 26246K [0x00000000c0000000, 0x00000000c4300000, 0x00000000eab00000)
  object space 68608K, 38% used [0x00000000c0000000,0x00000000c19a1ba8,0x00000000c4300000)
 Metaspace       used 40607K, capacity 42894K, committed 43136K, reserved 1087488K
  class space    used 4198K, capacity 4975K, committed 4992K, reserved 1048576K
}
Event: 5.667 GC heap before
{Heap before GC invocations=15 (full 2):
 PSYoungGen      total 24576K, used 24576K [0x00000000eab00000, 0x00000000ec800000, 0x0000000100000000)
  eden space 22016K, 100% used [0x00000000eab00000,0x00000000ec080000,0x00000000ec080000)
  from space 2560K, 100% used [0x00000000ec580000,0x00000000ec800000,0x00000000ec800000)
  to   space 3072K, 0% used [0x00000000ec200000,0x00000000ec200000,0x00000000ec500000)
 ParOldGen       total 68608K, used 26246K [0x00000000c0000000, 0x00000000c4300000, 0x00000000eab00000)
  object space 68608K, 38% used [0x00000000c0000000,0x00000000c19a1ba8,0x00000000c4300000)
 Metaspace       used 42605K, capacity 45074K, committed 45312K, reserved 1089536K
  class space    used 4450K, capacity 5250K, committed 5376K, reserved 1048576K
}
Event: 5.674 GC heap after
{Heap after GC invocations=15 (full 2):
 PSYoungGen      total 23552K, used 1473K [0x00000000eab00000, 0x00000000ec600000, 0x0000000100000000)
  eden space 22016K, 0% used [0x00000000eab00000,0x00000000eab00000,0x00000000ec080000)
  from space 1536K, 95% used [0x00000000ec200000,0x00000000ec370568,0x00000000ec380000)
  to   space 2048K, 0% used [0x00000000ec400000,0x00000000ec400000,0x00000000ec600000)
 ParOldGen       total 68608K, used 28739K [0x00000000c0000000, 0x00000000c4300000, 0x00000000eab00000)
  object space 68608K, 41% used [0x00000000c0000000,0x00000000c1c10f00,0x00000000c4300000)
 Metaspace       used 42605K, capacity 45074K, committed 45312K, reserved 1089536K
  class space    used 4450K, capacity 5250K, committed 5376K, reserved 1048576K
}
Event: 6.019 GC heap before
{Heap before GC invocations=16 (full 2):
 PSYoungGen      total 23552K, used 23489K [0x00000000eab00000, 0x00000000ec600000, 0x0000000100000000)
  eden space 22016K, 100% used [0x00000000eab00000,0x00000000ec080000,0x00000000ec080000)
  from space 1536K, 95% used [0x00000000ec200000,0x00000000ec370568,0x00000000ec380000)
  to   space 2048K, 0% used [0x00000000ec400000,0x00000000ec400000,0x00000000ec600000)
 ParOldGen       total 68608K, used 28739K [0x00000000c0000000, 0x00000000c4300000, 0x00000000eab00000)
  object space 68608K, 41% used [0x00000000c0000000,0x00000000c1c10f00,0x00000000c4300000)
 Metaspace       used 44186K, capacity 46682K, committed 46848K, reserved 1091584K
  class space    used 4628K, capacity 5509K, committed 5632K, reserved 1048576K
}
Event: 6.023 GC heap after
{Heap after GC invocations=16 (full 2):
 PSYoungGen      total 24064K, used 1568K [0x00000000eab00000, 0x00000000ec600000, 0x0000000100000000)
  eden space 22016K, 0% used [0x00000000eab00000,0x00000000eab00000,0x00000000ec080000)
  from space 2048K, 76% used [0x00000000ec400000,0x00000000ec588000,0x00000000ec600000)
  to   space 2048K, 0% used [0x00000000ec200000,0x00000000ec200000,0x00000000ec400000)
 ParOldGen       total 68608K, used 30059K [0x00000000c0000000, 0x00000000c4300000, 0x00000000eab00000)
  object space 68608K, 43% used [0x00000000c0000000,0x00000000c1d5ac10,0x00000000c4300000)
 Metaspace       used 44186K, capacity 46682K, committed 46848K, reserved 1091584K
  class space    used 4628K, capacity 5509K, committed 5632K, reserved 1048576K
}

