# JRE version: Java(TM) SE Runtime Environment 18.9 (11.0.9+7) (build 11.0.9+7-LTS)
# Java VM: Java HotSpot(TM) 64-Bit Server VM 18.9 (11.0.9+7-LTS, mixed mode, tiered, compressed oops, parallel gc, windows-amd64)
Heap:
 PSYoungGen      total 22528K, used 1373K [0x00000000eab00000, 0x00000000ec380000, 0x0000000100000000)
  eden space 21504K, 1% used [0x00000000eab00000,0x00000000eab5c708,0x00000000ec000000)
  from space 1024K, 98% used [0x00000000ec280000,0x00000000ec37ae30,0x00000000ec380000)
  to   space 1536K, 0% used [0x00000000ec080000,0x00000000ec080000,0x00000000ec200000)
 ParOldGen       total 68608K, used 32992K [0x00000000c0000000, 0x00000000c4300000, 0x00000000eab00000)
  object space 68608K, 48% used [0x00000000c0000000,0x00000000c2038028,0x00000000c4300000)
 Metaspace       used 52102K, capacity 54731K, committed 54912K, reserved 1097728K
  class space    used 5274K, capacity 6159K, committed 6272K, reserved 1048576K
GC Heap History (10 events):
Event: 6.932 GC heap before
{Heap before GC invocations=13 (full 2):
 PSYoungGen      total 26112K, used 26080K [0x00000000eab00000, 0x00000000ed100000, 0x0000000100000000)
  eden space 21504K, 100% used [0x00000000eab00000,0x00000000ec000000,0x00000000ec000000)
  from space 4608K, 99% used [0x00000000ec800000,0x00000000ecc78020,0x00000000ecc80000)
  to   space 8192K, 0% used [0x00000000ec000000,0x00000000ec000000,0x00000000ec800000)
 ParOldGen       total 68608K, used 19675K [0x00000000c0000000, 0x00000000c4300000, 0x00000000eab00000)
  object space 68608K, 28% used [0x00000000c0000000,0x00000000c1336da0,0x00000000c4300000)
 Metaspace       used 39554K, capacity 41969K, committed 42112K, reserved 1087488K
  class space    used 4089K, capacity 4905K, committed 4992K, reserved 1048576K
}
Event: 6.939 GC heap after
{Heap after GC invocations=13 (full 2):
 PSYoungGen      total 23552K, used 1952K [0x00000000eab00000, 0x00000000ec880000, 0x0000000100000000)
  eden space 21504K, 0% used [0x00000000eab00000,0x00000000eab00000,0x00000000ec000000)
  from space 2048K, 95% used [0x00000000ec000000,0x00000000ec1e8000,0x00000000ec200000)
  to   space 4096K, 0% used [0x00000000ec480000,0x00000000ec480000,0x00000000ec880000)
 ParOldGen       total 68608K, used 24203K [0x00000000c0000000, 0x00000000c4300000, 0x00000000eab00000)
  object space 68608K, 35% used [0x00000000c0000000,0x00000000c17a2f08,0x00000000c4300000)
 Metaspace       used 39554K, capacity 41969K, committed 42112K, reserved 1087488K
  class space    used 4089K, capacity 4905K, committed 4992K, reserved 1048576K
}
Event: 7.006 GC heap before
{Heap before GC invocations=14 (full 2):
 PSYoungGen      total 23552K, used 23456K [0x00000000eab00000, 0x00000000ec880000, 0x0000000100000000)
  eden space 21504K, 100% used [0x00000000eab00000,0x00000000ec000000,0x00000000ec000000)
  from space 2048K, 95% used [0x00000000ec000000,0x00000000ec1e8000,0x00000000ec200000)
  to   space 4096K, 0% used [0x00000000ec480000,0x00000000ec480000,0x00000000ec880000)
 ParOldGen       total 68608K, used 24203K [0x00000000c0000000, 0x00000000c4300000, 0x00000000eab00000)
  object space 68608K, 35% used [0x00000000c0000000,0x00000000c17a2f08,0x00000000c4300000)
 Metaspace       used 40133K, capacity 42474K, committed 42624K, reserved 1087488K
  class space    used 4156K, capacity 4942K, committed 4992K, reserved 1048576K
}
Event: 7.015 GC heap after
{Heap after GC invocations=14 (full 2):
 PSYoungGen      total 24064K, used 2336K [0x00000000eab00000, 0x00000000ec700000, 0x0000000100000000)
  eden space 21504K, 0% used [0x00000000eab00000,0x00000000eab00000,0x00000000ec000000)
  from space 2560K, 91% used [0x00000000ec480000,0x00000000ec6c8000,0x00000000ec700000)
  to   space 2560K, 0% used [0x00000000ec200000,0x00000000ec200000,0x00000000ec480000)
 ParOldGen       total 68608K, used 26113K [0x00000000c0000000, 0x00000000c4300000, 0x00000000eab00000)
  object space 68608K, 38% used [0x00000000c0000000,0x00000000c1980788,0x00000000c4300000)
 Metaspace       used 40133K, capacity 42474K, committed 42624K, reserved 1087488K
  class space    used 4156K, capacity 4942K, committed 4992K, reserved 1048576K
}
Event: 7.545 GC heap before
{Heap before GC invocations=15 (full 2):
 PSYoungGen      total 24064K, used 23840K [0x00000000eab00000, 0x00000000ec700000, 0x0000000100000000)
  eden space 21504K, 100% used [0x00000000eab00000,0x00000000ec000000,0x00000000ec000000)
  from space 2560K, 91% used [0x00000000ec480000,0x00000000ec6c8000,0x00000000ec700000)
  to   space 2560K, 0% used [0x00000000ec200000,0x00000000ec200000,0x00000000ec480000)
 ParOldGen       total 68608K, used 26113K [0x00000000c0000000, 0x00000000c4300000, 0x00000000eab00000)
  object space 68608K, 38% used [0x00000000c0000000,0x00000000c1980788,0x00000000c4300000)
 Metaspace       used 42545K, capacity 44840K, committed 44928K, reserved 1089536K
  class space    used 4435K, capacity 5172K, committed 5248K, reserved 1048576K
}
Event: 7.551 GC heap after
{Heap after GC invocations=15 (full 2):
 PSYoungGen      total 23552K, used 1841K [0x00000000eab00000, 0x00000000ec500000, 0x0000000100000000)
  eden space 21504K, 0% used [0x00000000eab00000,0x00000000eab00000,0x00000000ec000000)
  from space 2048K, 89% used [0x00000000ec200000,0x00000000ec3cc578,0x00000000ec400000)
  to   space 1024K, 0% used [0x00000000ec400000,0x00000000ec400000,0x00000000ec500000)
 ParOldGen       total 68608K, used 28353K [0x00000000c0000000, 0x00000000c4300000, 0x00000000eab00000)
  object space 68608K, 41% used [0x00000000c0000000,0x00000000c1bb0788,0x00000000c4300000)
 Metaspace       used 42545K, capacity 44840K, committed 44928K, reserved 1089536K
  class space    used 4435K, capacity 5172K, committed 5248K, reserved 1048576K
}
Event: 7.923 GC heap before
{Heap before GC invocations=16 (full 2):
 PSYoungGen      total 23552K, used 23345K [0x00000000eab00000, 0x00000000ec500000, 0x0000000100000000)
  eden space 21504K, 100% used [0x00000000eab00000,0x00000000ec000000,0x00000000ec000000)
  from space 2048K, 89% used [0x00000000ec200000,0x00000000ec3cc578,0x00000000ec400000)
  to   space 1024K, 0% used [0x00000000ec400000,0x00000000ec400000,0x00000000ec500000)
 ParOldGen       total 68608K, used 28353K [0x00000000c0000000, 0x00000000c4300000, 0x00000000eab00000)
  object space 68608K, 41% used [0x00000000c0000000,0x00000000c1bb0788,0x00000000c4300000)
 Metaspace       used 44295K, capacity 46764K, committed 47104K, reserved 1091584K
  class space    used 4637K, capacity 5514K, committed 5632K, reserved 1048576K
}
Event: 7.927 GC heap after
{Heap after GC invocations=16 (full 2):
 PSYoungGen      total 22528K, used 1017K [0x00000000eab00000, 0x00000000ec700000, 0x0000000100000000)
  eden space 21504K, 0% used [0x00000000eab00000,0x00000000eab00000,0x00000000ec000000)
  from space 1024K, 99% used [0x00000000ec400000,0x00000000ec4fe470,0x00000000ec500000)
  to   space 3584K, 0% used [0x00000000ec000000,0x00000000ec000000,0x00000000ec380000)
 ParOldGen       total 68608K, used 30388K [0x00000000c0000000, 0x00000000c4300000, 0x00000000eab00000)
  object space 68608K, 44% used [0x00000000c0000000,0x00000000c1dad1a0,0x00000000c4300000)
 Metaspace       used 44295K, capacity 46764K, committed 47104K, reserved 1091584K
  class space    used 4637K, capacity 5514K, committed 5632K, reserved 1048576K
}
Event: 8.283 GC heap before
{Heap before GC invocations=17 (full 2):
 PSYoungGen      total 22528K, used 22521K [0x00000000eab00000, 0x00000000ec700000, 0x0000000100000000)
  eden space 21504K, 100% used [0x00000000eab00000,0x00000000ec000000,0x00000000ec000000)
  from space 1024K, 99% used [0x00000000ec400000,0x00000000ec4fe470,0x00000000ec500000)
  to   space 3584K, 0% used [0x00000000ec000000,0x00000000ec000000,0x00000000ec380000)
 ParOldGen       total 68608K, used 30388K [0x00000000c0000000, 0x00000000c4300000, 0x00000000eab00000)
  object space 68608K, 44% used [0x00000000c0000000,0x00000000c1dad1a0,0x00000000c4300000)
 Metaspace       used 46092K, capacity 48489K, committed 48640K, reserved 1091584K
  class space    used 4759K, capacity 5622K, committed 5632K, reserved 1048576K
}
Event: 8.289 GC heap after
{Heap after GC invocations=17 (full 2):
 PSYoungGen      total 23552K, used 2013K [0x00000000eab00000, 0x00000000ec500000, 0x0000000100000000)
  eden space 21504K, 0% used [0x00000000eab00000,0x00000000eab00000,0x00000000ec000000)
  from space 2048K, 98% used [0x00000000ec000000,0x00000000ec1f7730,0x00000000ec200000)
  to   space 2560K, 0% used [0x00000000ec280000,0x00000000ec280000,0x00000000ec500000)
 ParOldGen       total 68608K, used 31416K [0x00000000c0000000, 0x00000000c4300000, 0x00000000eab00000)
  object space 68608K, 45% used [0x00000000c0000000,0x00000000c1eae100,0x00000000c4300000)
 Metaspace       used 46092K, capacity 48489K, committed 48640K, reserved 1091584K
  class space    used 4759K, capacity 5622K, committed 5632K, reserved 1048576K
}

