# JRE version: Java(TM) SE Runtime Environment 18.9 (11.0.9+7) (build 11.0.9+7-LTS)
# Java VM: Java HotSpot(TM) 64-Bit Server VM 18.9 (11.0.9+7-LTS, mixed mode, tiered, compressed oops, parallel gc, windows-amd64)
Heap:
 PSYoungGen      total 35328K, used 27472K [0x00000000eab00000, 0x00000000ed100000, 0x0000000100000000)
  eden space 31744K, 75% used [0x00000000eab00000,0x00000000ec255998,0x00000000eca00000)
  from space 3584K, 99% used [0x00000000eca00000,0x00000000ecd7e7c8,0x00000000ecd80000)
  to   space 3072K, 0% used [0x00000000ece00000,0x00000000ece00000,0x00000000ed100000)
 ParOldGen       total 115200K, used 76834K [0x00000000c0000000, 0x00000000c7080000, 0x00000000eab00000)
  object space 115200K, 66% used [0x00000000c0000000,0x00000000c4b08968,0x00000000c7080000)
 Metaspace       used 62354K, capacity 65462K, committed 65664K, reserved 1107968K
  class space    used 6289K, capacity 7437K, committed 7552K, reserved 1048576K
GC Heap History (10 events):
Event: 10.266 GC heap before
{Heap before GC invocations=25 (full 4):
 PSYoungGen      total 23040K, used 736K [0x00000000eab00000, 0x00000000ec780000, 0x0000000100000000)
  eden space 22016K, 0% used [0x00000000eab00000,0x00000000eab00000,0x00000000ec080000)
  from space 1024K, 71% used [0x00000000ec680000,0x00000000ec738000,0x00000000ec780000)
  to   space 3072K, 0% used [0x00000000ec180000,0x00000000ec180000,0x00000000ec480000)
 ParOldGen       total 84480K, used 82566K [0x00000000c0000000, 0x00000000c5280000, 0x00000000eab00000)
  object space 84480K, 97% used [0x00000000c0000000,0x00000000c50a1b38,0x00000000c5280000)
 Metaspace       used 48459K, capacity 51176K, committed 51328K, reserved 1095680K
  class space    used 4986K, capacity 5980K, committed 6016K, reserved 1048576K
}
Event: 10.440 GC heap after
{Heap after GC invocations=25 (full 4):
 PSYoungGen      total 26112K, used 0K [0x00000000eab00000, 0x00000000ecb80000, 0x0000000100000000)
  eden space 23040K, 0% used [0x00000000eab00000,0x00000000eab00000,0x00000000ec180000)
  from space 3072K, 0% used [0x00000000ec180000,0x00000000ec180000,0x00000000ec480000)
  to   space 3072K, 0% used [0x00000000ec880000,0x00000000ec880000,0x00000000ecb80000)
 ParOldGen       total 115200K, used 70668K [0x00000000c0000000, 0x00000000c7080000, 0x00000000eab00000)
  object space 115200K, 61% used [0x00000000c0000000,0x00000000c4503180,0x00000000c7080000)
 Metaspace       used 48459K, capacity 51176K, committed 51328K, reserved 1095680K
  class space    used 4986K, capacity 5980K, committed 6016K, reserved 1048576K
}
Event: 10.936 GC heap before
{Heap before GC invocations=26 (full 4):
 PSYoungGen      total 26112K, used 23040K [0x00000000eab00000, 0x00000000ecb80000, 0x0000000100000000)
  eden space 23040K, 100% used [0x00000000eab00000,0x00000000ec180000,0x00000000ec180000)
  from space 3072K, 0% used [0x00000000ec180000,0x00000000ec180000,0x00000000ec480000)
  to   space 3072K, 0% used [0x00000000ec880000,0x00000000ec880000,0x00000000ecb80000)
 ParOldGen       total 115200K, used 70668K [0x00000000c0000000, 0x00000000c7080000, 0x00000000eab00000)
  object space 115200K, 61% used [0x00000000c0000000,0x00000000c4503180,0x00000000c7080000)
 Metaspace       used 51583K, capacity 54295K, committed 54400K, reserved 1097728K
  class space    used 5214K, capacity 6209K, committed 6272K, reserved 1048576K
}
Event: 10.948 GC heap after
{Heap after GC invocations=26 (full 4):
 PSYoungGen      total 29184K, used 1562K [0x00000000eab00000, 0x00000000eca80000, 0x0000000100000000)
  eden space 27136K, 0% used [0x00000000eab00000,0x00000000eab00000,0x00000000ec580000)
  from space 2048K, 76% used [0x00000000ec880000,0x00000000eca06860,0x00000000eca80000)
  to   space 2048K, 0% used [0x00000000ec680000,0x00000000ec680000,0x00000000ec880000)
 ParOldGen       total 115200K, used 70676K [0x00000000c0000000, 0x00000000c7080000, 0x00000000eab00000)
  object space 115200K, 61% used [0x00000000c0000000,0x00000000c4505180,0x00000000c7080000)
 Metaspace       used 51583K, capacity 54295K, committed 54400K, reserved 1097728K
  class space    used 5214K, capacity 6209K, committed 6272K, reserved 1048576K
}
Event: 15.912 GC heap before
{Heap before GC invocations=27 (full 4):
 PSYoungGen      total 29184K, used 28698K [0x00000000eab00000, 0x00000000eca80000, 0x0000000100000000)
  eden space 27136K, 100% used [0x00000000eab00000,0x00000000ec580000,0x00000000ec580000)
  from space 2048K, 76% used [0x00000000ec880000,0x00000000eca06860,0x00000000eca80000)
  to   space 2048K, 0% used [0x00000000ec680000,0x00000000ec680000,0x00000000ec880000)
 ParOldGen       total 115200K, used 70676K [0x00000000c0000000, 0x00000000c7080000, 0x00000000eab00000)
  object space 115200K, 61% used [0x00000000c0000000,0x00000000c4505180,0x00000000c7080000)
 Metaspace       used 54410K, capacity 57337K, committed 57472K, reserved 1099776K
  class space    used 5489K, capacity 6514K, committed 6528K, reserved 1048576K
}
Event: 15.914 GC heap after
{Heap after GC invocations=27 (full 4):
 PSYoungGen      total 30208K, used 2041K [0x00000000eab00000, 0x00000000ed200000, 0x0000000100000000)
  eden space 28160K, 0% used [0x00000000eab00000,0x00000000eab00000,0x00000000ec680000)
  from space 2048K, 99% used [0x00000000ec680000,0x00000000ec87e680,0x00000000ec880000)
  to   space 4096K, 0% used [0x00000000ece00000,0x00000000ece00000,0x00000000ed200000)
 ParOldGen       total 115200K, used 72234K [0x00000000c0000000, 0x00000000c7080000, 0x00000000eab00000)
  object space 115200K, 62% used [0x00000000c0000000,0x00000000c468a9c0,0x00000000c7080000)
 Metaspace       used 54410K, capacity 57337K, committed 57472K, reserved 1099776K
  class space    used 5489K, capacity 6514K, committed 6528K, reserved 1048576K
}
Event: 17.761 GC heap before
{Heap before GC invocations=28 (full 4):
 PSYoungGen      total 30208K, used 30201K [0x00000000eab00000, 0x00000000ed200000, 0x0000000100000000)
  eden space 28160K, 100% used [0x00000000eab00000,0x00000000ec680000,0x00000000ec680000)
  from space 2048K, 99% used [0x00000000ec680000,0x00000000ec87e680,0x00000000ec880000)
  to   space 4096K, 0% used [0x00000000ece00000,0x00000000ece00000,0x00000000ed200000)
 ParOldGen       total 115200K, used 72234K [0x00000000c0000000, 0x00000000c7080000, 0x00000000eab00000)
  object space 115200K, 62% used [0x00000000c0000000,0x00000000c468a9c0,0x00000000c7080000)
 Metaspace       used 57072K, capacity 60123K, committed 60416K, reserved 1103872K
  class space    used 5741K, capacity 6805K, committed 6912K, reserved 1048576K
}
Event: 17.766 GC heap after
{Heap after GC invocations=28 (full 4):
 PSYoungGen      total 34816K, used 2951K [0x00000000eab00000, 0x00000000ed100000, 0x0000000100000000)
  eden space 31744K, 0% used [0x00000000eab00000,0x00000000eab00000,0x00000000eca00000)
  from space 3072K, 96% used [0x00000000ece00000,0x00000000ed0e1da8,0x00000000ed100000)
  to   space 3584K, 0% used [0x00000000eca00000,0x00000000eca00000,0x00000000ecd80000)
 ParOldGen       total 115200K, used 74265K [0x00000000c0000000, 0x00000000c7080000, 0x00000000eab00000)
  object space 115200K, 64% used [0x00000000c0000000,0x00000000c4886608,0x00000000c7080000)
 Metaspace       used 57072K, capacity 60123K, committed 60416K, reserved 1103872K
  class space    used 5741K, capacity 6805K, committed 6912K, reserved 1048576K
}
Event: 20.324 GC heap before
{Heap before GC invocations=29 (full 4):
 PSYoungGen      total 34816K, used 34695K [0x00000000eab00000, 0x00000000ed100000, 0x0000000100000000)
  eden space 31744K, 100% used [0x00000000eab00000,0x00000000eca00000,0x00000000eca00000)
  from space 3072K, 96% used [0x00000000ece00000,0x00000000ed0e1da8,0x00000000ed100000)
  to   space 3584K, 0% used [0x00000000eca00000,0x00000000eca00000,0x00000000ecd80000)
 ParOldGen       total 115200K, used 74265K [0x00000000c0000000, 0x00000000c7080000, 0x00000000eab00000)
  object space 115200K, 64% used [0x00000000c0000000,0x00000000c4886608,0x00000000c7080000)
 Metaspace       used 60770K, capacity 63858K, committed 64128K, reserved 1105920K
  class space    used 6148K, capacity 7266K, committed 7296K, reserved 1048576K
}
Event: 20.328 GC heap after
{Heap after GC invocations=29 (full 4):
 PSYoungGen      total 35328K, used 3577K [0x00000000eab00000, 0x00000000ed100000, 0x0000000100000000)
  eden space 31744K, 0% used [0x00000000eab00000,0x00000000eab00000,0x00000000eca00000)
  from space 3584K, 99% used [0x00000000eca00000,0x00000000ecd7e7c8,0x00000000ecd80000)
  to   space 3072K, 0% used [0x00000000ece00000,0x00000000ece00000,0x00000000ed100000)
 ParOldGen       total 115200K, used 76834K [0x00000000c0000000, 0x00000000c7080000, 0x00000000eab00000)
  object space 115200K, 66% used [0x00000000c0000000,0x00000000c4b08968,0x00000000c7080000)
 Metaspace       used 60770K, capacity 63858K, committed 64128K, reserved 1105920K
  class space    used 6148K, capacity 7266K, committed 7296K, reserved 1048576K
}

