# JRE version: Java(TM) SE Runtime Environment 18.9 (11.0.9+7) (build 11.0.9+7-LTS)
# Java VM: Java HotSpot(TM) 64-Bit Server VM 18.9 (11.0.9+7-LTS, mixed mode, tiered, compressed oops, parallel gc, windows-amd64)
Heap:
 PSYoungGen      total 24576K, used 7005K [0x00000000eab00000, 0x00000000ec680000, 0x0000000100000000)
  eden space 22016K, 20% used [0x00000000eab00000,0x00000000eaf7bb70,0x00000000ec080000)
  from space 2560K, 94% used [0x00000000ec080000,0x00000000ec2dbba0,0x00000000ec300000)
  to   space 3072K, 0% used [0x00000000ec380000,0x00000000ec380000,0x00000000ec680000)
 ParOldGen       total 68608K, used 31799K [0x00000000c0000000, 0x00000000c4300000, 0x00000000eab00000)
  object space 68608K, 46% used [0x00000000c0000000,0x00000000c1f0dd00,0x00000000c4300000)
 Metaspace       used 50330K, capacity 52745K, committed 52864K, reserved 1095680K
  class space    used 5033K, capacity 5912K, committed 6016K, reserved 1048576K
GC Heap History (10 events):
Event: 7.014 GC heap before
{Heap before GC invocations=13 (full 2):
 PSYoungGen      total 28160K, used 28032K [0x00000000eab00000, 0x00000000ece00000, 0x0000000100000000)
  eden space 23552K, 100% used [0x00000000eab00000,0x00000000ec200000,0x00000000ec200000)
  from space 4608K, 97% used [0x00000000ec980000,0x00000000ecde0010,0x00000000ece00000)
  to   space 5632K, 0% used [0x00000000ec300000,0x00000000ec300000,0x00000000ec880000)
 ParOldGen       total 68608K, used 19888K [0x00000000c0000000, 0x00000000c4300000, 0x00000000eab00000)
  object space 68608K, 28% used [0x00000000c0000000,0x00000000c136c3d0,0x00000000c4300000)
 Metaspace       used 41922K, capacity 44295K, committed 44416K, reserved 1089536K
  class space    used 4376K, capacity 5164K, committed 5248K, reserved 1048576K
}
Event: 7.023 GC heap after
{Heap after GC invocations=13 (full 2):
 PSYoungGen      total 25600K, used 2336K [0x00000000eab00000, 0x00000000eca00000, 0x0000000100000000)
  eden space 23040K, 0% used [0x00000000eab00000,0x00000000eab00000,0x00000000ec180000)
  from space 2560K, 91% used [0x00000000ec300000,0x00000000ec548010,0x00000000ec580000)
  to   space 3584K, 0% used [0x00000000ec680000,0x00000000ec680000,0x00000000eca00000)
 ParOldGen       total 68608K, used 24345K [0x00000000c0000000, 0x00000000c4300000, 0x00000000eab00000)
  object space 68608K, 35% used [0x00000000c0000000,0x00000000c17c6698,0x00000000c4300000)
 Metaspace       used 41922K, capacity 44295K, committed 44416K, reserved 1089536K
  class space    used 4376K, capacity 5164K, committed 5248K, reserved 1048576K
}
Event: 7.072 GC heap before
{Heap before GC invocations=14 (full 2):
 PSYoungGen      total 25600K, used 25376K [0x00000000eab00000, 0x00000000eca00000, 0x0000000100000000)
  eden space 23040K, 100% used [0x00000000eab00000,0x00000000ec180000,0x00000000ec180000)
  from space 2560K, 91% used [0x00000000ec300000,0x00000000ec548010,0x00000000ec580000)
  to   space 3584K, 0% used [0x00000000ec680000,0x00000000ec680000,0x00000000eca00000)
 ParOldGen       total 68608K, used 24345K [0x00000000c0000000, 0x00000000c4300000, 0x00000000eab00000)
  object space 68608K, 35% used [0x00000000c0000000,0x00000000c17c6698,0x00000000c4300000)
 Metaspace       used 41922K, capacity 44295K, committed 44416K, reserved 1089536K
  class space    used 4376K, capacity 5164K, committed 5248K, reserved 1048576K
}
Event: 7.078 GC heap after
{Heap after GC invocations=14 (full 2):
 PSYoungGen      total 24576K, used 1952K [0x00000000eab00000, 0x00000000ec880000, 0x0000000100000000)
  eden space 22528K, 0% used [0x00000000eab00000,0x00000000eab00000,0x00000000ec100000)
  from space 2048K, 95% used [0x00000000ec680000,0x00000000ec868000,0x00000000ec880000)
  to   space 2560K, 0% used [0x00000000ec380000,0x00000000ec380000,0x00000000ec600000)
 ParOldGen       total 68608K, used 26655K [0x00000000c0000000, 0x00000000c4300000, 0x00000000eab00000)
  object space 68608K, 38% used [0x00000000c0000000,0x00000000c1a07f28,0x00000000c4300000)
 Metaspace       used 41922K, capacity 44295K, committed 44416K, reserved 1089536K
  class space    used 4376K, capacity 5164K, committed 5248K, reserved 1048576K
}
Event: 8.931 GC heap before
{Heap before GC invocations=15 (full 2):
 PSYoungGen      total 24576K, used 24480K [0x00000000eab00000, 0x00000000ec880000, 0x0000000100000000)
  eden space 22528K, 100% used [0x00000000eab00000,0x00000000ec100000,0x00000000ec100000)
  from space 2048K, 95% used [0x00000000ec680000,0x00000000ec868000,0x00000000ec880000)
  to   space 2560K, 0% used [0x00000000ec380000,0x00000000ec380000,0x00000000ec600000)
 ParOldGen       total 68608K, used 26655K [0x00000000c0000000, 0x00000000c4300000, 0x00000000eab00000)
  object space 68608K, 38% used [0x00000000c0000000,0x00000000c1a07f28,0x00000000c4300000)
 Metaspace       used 43267K, capacity 45671K, committed 45824K, reserved 1089536K
  class space    used 4523K, capacity 5322K, committed 5376K, reserved 1048576K
}
Event: 8.939 GC heap after
{Heap after GC invocations=15 (full 2):
 PSYoungGen      total 24064K, used 1957K [0x00000000eab00000, 0x00000000ec700000, 0x0000000100000000)
  eden space 22016K, 0% used [0x00000000eab00000,0x00000000eab00000,0x00000000ec080000)
  from space 2048K, 95% used [0x00000000ec380000,0x00000000ec569790,0x00000000ec580000)
  to   space 1536K, 0% used [0x00000000ec580000,0x00000000ec580000,0x00000000ec700000)
 ParOldGen       total 68608K, used 28444K [0x00000000c0000000, 0x00000000c4300000, 0x00000000eab00000)
  object space 68608K, 41% used [0x00000000c0000000,0x00000000c1bc7280,0x00000000c4300000)
 Metaspace       used 43267K, capacity 45671K, committed 45824K, reserved 1089536K
  class space    used 4523K, capacity 5322K, committed 5376K, reserved 1048576K
}
Event: 9.353 GC heap before
{Heap before GC invocations=16 (full 2):
 PSYoungGen      total 24064K, used 23973K [0x00000000eab00000, 0x00000000ec700000, 0x0000000100000000)
  eden space 22016K, 100% used [0x00000000eab00000,0x00000000ec080000,0x00000000ec080000)
  from space 2048K, 95% used [0x00000000ec380000,0x00000000ec569790,0x00000000ec580000)
  to   space 1536K, 0% used [0x00000000ec580000,0x00000000ec580000,0x00000000ec700000)
 ParOldGen       total 68608K, used 28444K [0x00000000c0000000, 0x00000000c4300000, 0x00000000eab00000)
  object space 68608K, 41% used [0x00000000c0000000,0x00000000c1bc7280,0x00000000c4300000)
 Metaspace       used 44266K, capacity 46714K, committed 46976K, reserved 1091584K
  class space    used 4628K, capacity 5477K, committed 5504K, reserved 1048576K
}
Event: 9.358 GC heap after
{Heap after GC invocations=16 (full 2):
 PSYoungGen      total 23552K, used 1529K [0x00000000eab00000, 0x00000000ec880000, 0x0000000100000000)
  eden space 22016K, 0% used [0x00000000eab00000,0x00000000eab00000,0x00000000ec080000)
  from space 1536K, 99% used [0x00000000ec580000,0x00000000ec6fe470,0x00000000ec700000)
  to   space 4096K, 0% used [0x00000000ec080000,0x00000000ec080000,0x00000000ec480000)
 ParOldGen       total 68608K, used 30274K [0x00000000c0000000, 0x00000000c4300000, 0x00000000eab00000)
  object space 68608K, 44% used [0x00000000c0000000,0x00000000c1d90880,0x00000000c4300000)
 Metaspace       used 44266K, capacity 46714K, committed 46976K, reserved 1091584K
  class space    used 4628K, capacity 5477K, committed 5504K, reserved 1048576K
}
Event: 10.507 GC heap before
{Heap before GC invocations=17 (full 2):
 PSYoungGen      total 23552K, used 23545K [0x00000000eab00000, 0x00000000ec880000, 0x0000000100000000)
  eden space 22016K, 100% used [0x00000000eab00000,0x00000000ec080000,0x00000000ec080000)
  from space 1536K, 99% used [0x00000000ec580000,0x00000000ec6fe470,0x00000000ec700000)
  to   space 4096K, 0% used [0x00000000ec080000,0x00000000ec080000,0x00000000ec480000)
 ParOldGen       total 68608K, used 30274K [0x00000000c0000000, 0x00000000c4300000, 0x00000000eab00000)
  object space 68608K, 44% used [0x00000000c0000000,0x00000000c1d90880,0x00000000c4300000)
 Metaspace       used 49550K, capacity 51942K, committed 51968K, reserved 1095680K
  class space    used 5006K, capacity 5879K, committed 5888K, reserved 1048576K
}
Event: 10.521 GC heap after
{Heap after GC invocations=17 (full 2):
 PSYoungGen      total 24576K, used 2414K [0x00000000eab00000, 0x00000000ec680000, 0x0000000100000000)
  eden space 22016K, 0% used [0x00000000eab00000,0x00000000eab00000,0x00000000ec080000)
  from space 2560K, 94% used [0x00000000ec080000,0x00000000ec2dbba0,0x00000000ec300000)
  to   space 3072K, 0% used [0x00000000ec380000,0x00000000ec380000,0x00000000ec680000)
 ParOldGen       total 68608K, used 31799K [0x00000000c0000000, 0x00000000c4300000, 0x00000000eab00000)
  object space 68608K, 46% used [0x00000000c0000000,0x00000000c1f0dd00,0x00000000c4300000)
 Metaspace       used 49550K, capacity 51942K, committed 51968K, reserved 1095680K
  class space    used 5006K, capacity 5879K, committed 5888K, reserved 1048576K
}

