# JRE version: Java(TM) SE Runtime Environment 18.9 (11.0.9+7) (build 11.0.9+7-LTS)
# Java VM: Java HotSpot(TM) 64-Bit Server VM 18.9 (11.0.9+7-LTS, mixed mode, tiered, compressed oops, parallel gc, windows-amd64)
Heap:
 PSYoungGen      total 18432K, used 18384K [0x00000000eab00000, 0x00000000ed800000, 0x0000000100000000)
  eden space 13824K, 99% used [0x00000000eab00000,0x00000000eb875da8,0x00000000eb880000)
  from space 4608K, 99% used [0x00000000ec480000,0x00000000ec8fe550,0x00000000ec900000)
  to   space 12288K, 0% used [0x00000000eb880000,0x00000000eb880000,0x00000000ec480000)
 ParOldGen       total 68608K, used 48010K [0x00000000c0000000, 0x00000000c4300000, 0x00000000eab00000)
  object space 68608K, 69% used [0x00000000c0000000,0x00000000c2ee29a8,0x00000000c4300000)
 Metaspace       used 64423K, capacity 67569K, committed 67712K, reserved 1110016K
  class space    used 6377K, capacity 7530K, committed 7552K, reserved 1048576K
GC Heap History (10 events):
Event: 7.339 GC heap before
{Heap before GC invocations=25 (full 3):
 PSYoungGen      total 23040K, used 22871K [0x00000000eab00000, 0x00000000ec380000, 0x0000000100000000)
  eden space 22016K, 100% used [0x00000000eab00000,0x00000000ec080000,0x00000000ec080000)
  from space 1024K, 83% used [0x00000000ec080000,0x00000000ec155c78,0x00000000ec180000)
  to   space 1536K, 0% used [0x00000000ec200000,0x00000000ec200000,0x00000000ec380000)
 ParOldGen       total 68608K, used 37197K [0x00000000c0000000, 0x00000000c4300000, 0x00000000eab00000)
  object space 68608K, 54% used [0x00000000c0000000,0x00000000c2453740,0x00000000c4300000)
 Metaspace       used 60891K, capacity 63972K, committed 64128K, reserved 1105920K
  class space    used 6093K, capacity 7214K, committed 7296K, reserved 1048576K
}
Event: 7.343 GC heap after
{Heap after GC invocations=25 (full 3):
 PSYoungGen      total 23040K, used 1523K [0x00000000eab00000, 0x00000000ec480000, 0x0000000100000000)
  eden space 21504K, 0% used [0x00000000eab00000,0x00000000eab00000,0x00000000ec000000)
  from space 1536K, 99% used [0x00000000ec200000,0x00000000ec37cc10,0x00000000ec380000)
  to   space 2048K, 0% used [0x00000000ec000000,0x00000000ec000000,0x00000000ec200000)
 ParOldGen       total 68608K, used 37807K [0x00000000c0000000, 0x00000000c4300000, 0x00000000eab00000)
  object space 68608K, 55% used [0x00000000c0000000,0x00000000c24ebd98,0x00000000c4300000)
 Metaspace       used 60891K, capacity 63972K, committed 64128K, reserved 1105920K
  class space    used 6093K, capacity 7214K, committed 7296K, reserved 1048576K
}
Event: 8.076 GC heap before
{Heap before GC invocations=26 (full 3):
 PSYoungGen      total 23040K, used 23027K [0x00000000eab00000, 0x00000000ec480000, 0x0000000100000000)
  eden space 21504K, 100% used [0x00000000eab00000,0x00000000ec000000,0x00000000ec000000)
  from space 1536K, 99% used [0x00000000ec200000,0x00000000ec37cc10,0x00000000ec380000)
  to   space 2048K, 0% used [0x00000000ec000000,0x00000000ec000000,0x00000000ec200000)
 ParOldGen       total 68608K, used 37807K [0x00000000c0000000, 0x00000000c4300000, 0x00000000eab00000)
  object space 68608K, 55% used [0x00000000c0000000,0x00000000c24ebd98,0x00000000c4300000)
 Metaspace       used 62435K, capacity 65675K, committed 65792K, reserved 1107968K
  class space    used 6197K, capacity 7326K, committed 7424K, reserved 1048576K
}
Event: 8.080 GC heap after
{Heap after GC invocations=26 (full 3):
 PSYoungGen      total 23552K, used 1891K [0x00000000eab00000, 0x00000000ec400000, 0x0000000100000000)
  eden space 21504K, 0% used [0x00000000eab00000,0x00000000eab00000,0x00000000ec000000)
  from space 2048K, 92% used [0x00000000ec000000,0x00000000ec1d8f38,0x00000000ec200000)
  to   space 2048K, 0% used [0x00000000ec200000,0x00000000ec200000,0x00000000ec400000)
 ParOldGen       total 68608K, used 38602K [0x00000000c0000000, 0x00000000c4300000, 0x00000000eab00000)
  object space 68608K, 56% used [0x00000000c0000000,0x00000000c25b29f8,0x00000000c4300000)
 Metaspace       used 62435K, capacity 65675K, committed 65792K, reserved 1107968K
  class space    used 6197K, capacity 7326K, committed 7424K, reserved 1048576K
}
Event: 32.469 GC heap before
{Heap before GC invocations=27 (full 3):
 PSYoungGen      total 23552K, used 23395K [0x00000000eab00000, 0x00000000ec400000, 0x0000000100000000)
  eden space 21504K, 100% used [0x00000000eab00000,0x00000000ec000000,0x00000000ec000000)
  from space 2048K, 92% used [0x00000000ec000000,0x00000000ec1d8f38,0x00000000ec200000)
  to   space 2048K, 0% used [0x00000000ec200000,0x00000000ec200000,0x00000000ec400000)
 ParOldGen       total 68608K, used 38602K [0x00000000c0000000, 0x00000000c4300000, 0x00000000eab00000)
  object space 68608K, 56% used [0x00000000c0000000,0x00000000c25b29f8,0x00000000c4300000)
 Metaspace       used 62960K, capacity 66180K, committed 66304K, reserved 1107968K
  class space    used 6222K, capacity 7366K, committed 7424K, reserved 1048576K
}
Event: 32.473 GC heap after
{Heap after GC invocations=27 (full 3):
 PSYoungGen      total 22528K, used 720K [0x00000000eab00000, 0x00000000ec300000, 0x0000000100000000)
  eden space 21504K, 0% used [0x00000000eab00000,0x00000000eab00000,0x00000000ec000000)
  from space 1024K, 70% used [0x00000000ec200000,0x00000000ec2b4308,0x00000000ec300000)
  to   space 1536K, 0% used [0x00000000ec000000,0x00000000ec000000,0x00000000ec180000)
 ParOldGen       total 68608K, used 39623K [0x00000000c0000000, 0x00000000c4300000, 0x00000000eab00000)
  object space 68608K, 57% used [0x00000000c0000000,0x00000000c26b1d20,0x00000000c4300000)
 Metaspace       used 62960K, capacity 66180K, committed 66304K, reserved 1107968K
  class space    used 6222K, capacity 7366K, committed 7424K, reserved 1048576K
}
Event: 32.740 GC heap before
{Heap before GC invocations=28 (full 3):
 PSYoungGen      total 22528K, used 22224K [0x00000000eab00000, 0x00000000ec300000, 0x0000000100000000)
  eden space 21504K, 100% used [0x00000000eab00000,0x00000000ec000000,0x00000000ec000000)
  from space 1024K, 70% used [0x00000000ec200000,0x00000000ec2b4308,0x00000000ec300000)
  to   space 1536K, 0% used [0x00000000ec000000,0x00000000ec000000,0x00000000ec180000)
 ParOldGen       total 68608K, used 39623K [0x00000000c0000000, 0x00000000c4300000, 0x00000000eab00000)
  object space 68608K, 57% used [0x00000000c0000000,0x00000000c26b1d20,0x00000000c4300000)
 Metaspace       used 63084K, capacity 66244K, committed 66304K, reserved 1107968K
  class space    used 6227K, capacity 7366K, committed 7424K, reserved 1048576K
}
Event: 32.751 GC heap after
{Heap after GC invocations=28 (full 3):
 PSYoungGen      total 23040K, used 1528K [0x00000000eab00000, 0x00000000ec900000, 0x0000000100000000)
  eden space 21504K, 0% used [0x00000000eab00000,0x00000000eab00000,0x00000000ec000000)
  from space 1536K, 99% used [0x00000000ec000000,0x00000000ec17e350,0x00000000ec180000)
  to   space 4608K, 0% used [0x00000000ec480000,0x00000000ec480000,0x00000000ec900000)
 ParOldGen       total 68608K, used 42002K [0x00000000c0000000, 0x00000000c4300000, 0x00000000eab00000)
  object space 68608K, 61% used [0x00000000c0000000,0x00000000c2904a70,0x00000000c4300000)
 Metaspace       used 63084K, capacity 66244K, committed 66304K, reserved 1107968K
  class space    used 6227K, capacity 7366K, committed 7424K, reserved 1048576K
}
Event: 41.792 GC heap before
{Heap before GC invocations=29 (full 3):
 PSYoungGen      total 23040K, used 23032K [0x00000000eab00000, 0x00000000ec900000, 0x0000000100000000)
  eden space 21504K, 100% used [0x00000000eab00000,0x00000000ec000000,0x00000000ec000000)
  from space 1536K, 99% used [0x00000000ec000000,0x00000000ec17e350,0x00000000ec180000)
  to   space 4608K, 0% used [0x00000000ec480000,0x00000000ec480000,0x00000000ec900000)
 ParOldGen       total 68608K, used 42002K [0x00000000c0000000, 0x00000000c4300000, 0x00000000eab00000)
  object space 68608K, 61% used [0x00000000c0000000,0x00000000c2904a70,0x00000000c4300000)
 Metaspace       used 63176K, capacity 66372K, committed 66560K, reserved 1107968K
  class space    used 6230K, capacity 7366K, committed 7424K, reserved 1048576K
}
Event: 41.799 GC heap after
{Heap after GC invocations=29 (full 3):
 PSYoungGen      total 18432K, used 4601K [0x00000000eab00000, 0x00000000ed800000, 0x0000000100000000)
  eden space 13824K, 0% used [0x00000000eab00000,0x00000000eab00000,0x00000000eb880000)
  from space 4608K, 99% used [0x00000000ec480000,0x00000000ec8fe550,0x00000000ec900000)
  to   space 12288K, 0% used [0x00000000eb880000,0x00000000eb880000,0x00000000ec480000)
 ParOldGen       total 68608K, used 48010K [0x00000000c0000000, 0x00000000c4300000, 0x00000000eab00000)
  object space 68608K, 69% used [0x00000000c0000000,0x00000000c2ee29a8,0x00000000c4300000)
 Metaspace       used 63176K, capacity 66372K, committed 66560K, reserved 1107968K
  class space    used 6230K, capacity 7366K, committed 7424K, reserved 1048576K
}

